{
  "C:/Users/spenc/IdeaProjects/react-springboot-appengine-template/ui/src/stories/Button.tsx": {
    "path": "C:/Users/spenc/IdeaProjects/react-springboot-appengine-template/ui/src/stories/Button.tsx",
    "statementMap": {
      "0": {
        "start": {
          "line": 30,
          "column": 22
        },
        "end": {
          "line": 48,
          "column": 1
        }
      },
      "1": {
        "start": {
          "line": 37,
          "column": 15
        },
        "end": {
          "line": 37,
          "column": 84
        }
      },
      "2": {
        "start": {
          "line": 38,
          "column": 2
        },
        "end": {
          "line": 46,
          "column": null
        }
      },
      "3": {
        "start": {
          "line": 48,
          "column": 2
        },
        "end": {
          "line": 30,
          "column": 22
        }
      },
      "4": {
        "start": {
          "line": 30,
          "column": 19
        },
        "end": {
          "line": 30,
          "column": 22
        }
      }
    },
    "fnMap": {
      "0": {
        "name": "(anonymous_0)",
        "decl": {
          "start": {
            "line": 30,
            "column": 22
          },
          "end": {
            "line": 30,
            "column": 23
          }
        },
        "loc": {
          "start": {
            "line": 36,
            "column": 19
          },
          "end": {
            "line": 48,
            "column": 1
          }
        }
      }
    },
    "branchMap": {
      "0": {
        "loc": {
          "start": {
            "line": 31,
            "column": 2
          },
          "end": {
            "line": 31,
            "column": 17
          }
        },
        "type": "default-arg",
        "locations": [
          {
            "start": {
              "line": 31,
              "column": 12
            },
            "end": {
              "line": 31,
              "column": 17
            }
          }
        ]
      },
      "1": {
        "loc": {
          "start": {
            "line": 32,
            "column": 2
          },
          "end": {
            "line": 32,
            "column": 17
          }
        },
        "type": "default-arg",
        "locations": [
          {
            "start": {
              "line": 32,
              "column": 9
            },
            "end": {
              "line": 32,
              "column": 17
            }
          }
        ]
      },
      "2": {
        "loc": {
          "start": {
            "line": 37,
            "column": 15
          },
          "end": {
            "line": 37,
            "column": 84
          }
        },
        "type": "cond-expr",
        "locations": [
          {
            "start": {
              "line": 37,
              "column": 25
            },
            "end": {
              "line": 37,
              "column": 52
            }
          },
          {
            "start": {
              "line": 37,
              "column": 55
            },
            "end": {
              "line": 37,
              "column": 84
            }
          }
        ]
      }
    },
    "s": {
      "0": 11,
      "1": 33,
      "2": 33,
      "3": 11,
      "4": 11
    },
    "f": {
      "0": 33
    },
    "b": {
      "0": [
        21
      ],
      "1": [
        9
      ],
      "2": [
        12,
        21
      ]
    }
  },
  "C:/Users/spenc/IdeaProjects/react-springboot-appengine-template/ui/src/stories/Header.tsx": {
    "path": "C:/Users/spenc/IdeaProjects/react-springboot-appengine-template/ui/src/stories/Header.tsx",
    "statementMap": {
      "0": {
        "start": {
          "line": 17,
          "column": 22
        },
        "end": {
          "line": 55,
          "column": null
        }
      },
      "1": {
        "start": {
          "line": 18,
          "column": 2
        },
        "end": {
          "line": 55,
          "column": null
        }
      },
      "2": {
        "start": {
          "line": 56,
          "column": 2
        },
        "end": {
          "line": 17,
          "column": 22
        }
      },
      "3": {
        "start": {
          "line": 17,
          "column": 19
        },
        "end": {
          "line": 17,
          "column": 22
        }
      }
    },
    "fnMap": {
      "0": {
        "name": "(anonymous_0)",
        "decl": {
          "start": {
            "line": 17,
            "column": 22
          },
          "end": {
            "line": 17,
            "column": 23
          }
        },
        "loc": {
          "start": {
            "line": 18,
            "column": 2
          },
          "end": {
            "line": 55,
            "column": null
          }
        }
      }
    },
    "branchMap": {
      "0": {
        "loc": {
          "start": {
            "line": 40,
            "column": 9
          },
          "end": {
            "line": 51,
            "column": null
          }
        },
        "type": "cond-expr",
        "locations": [
          {
            "start": {
              "line": 41,
              "column": 10
            },
            "end": {
              "line": 46,
              "column": 13
            }
          },
          {
            "start": {
              "line": 48,
              "column": 10
            },
            "end": {
              "line": 51,
              "column": null
            }
          }
        ]
      }
    },
    "s": {
      "0": 6,
      "1": 12,
      "2": 6,
      "3": 6
    },
    "f": {
      "0": 12
    },
    "b": {
      "0": [
        5,
        7
      ]
    }
  },
  "C:/Users/spenc/IdeaProjects/react-springboot-appengine-template/ui/src/stories/Page.tsx": {
    "path": "C:/Users/spenc/IdeaProjects/react-springboot-appengine-template/ui/src/stories/Page.tsx",
    "statementMap": {
      "0": {
        "start": {
          "line": 10,
          "column": 30
        },
        "end": {
          "line": 73,
          "column": 1
        }
      },
      "1": {
        "start": {
          "line": 10,
          "column": 36
        },
        "end": {
          "line": 10,
          "column": null
        }
      },
      "2": {
        "start": {
          "line": 11,
          "column": 26
        },
        "end": {
          "line": 11,
          "column": 48
        }
      },
      "3": {
        "start": {
          "line": 13,
          "column": 2
        },
        "end": {
          "line": 71,
          "column": null
        }
      },
      "4": {
        "start": {
          "line": 17,
          "column": 23
        },
        "end": {
          "line": 17,
          "column": 53
        }
      },
      "5": {
        "start": {
          "line": 18,
          "column": 24
        },
        "end": {
          "line": 18,
          "column": 43
        }
      },
      "6": {
        "start": {
          "line": 19,
          "column": 31
        },
        "end": {
          "line": 19,
          "column": 61
        }
      },
      "7": {
        "start": {
          "line": 73,
          "column": 2
        },
        "end": {
          "line": 10,
          "column": 30
        }
      },
      "8": {
        "start": {
          "line": 10,
          "column": 27
        },
        "end": {
          "line": 10,
          "column": 30
        }
      }
    },
    "fnMap": {
      "0": {
        "name": "(anonymous_0)",
        "decl": {
          "start": {
            "line": 10,
            "column": 30
          },
          "end": {
            "line": 10,
            "column": 36
          }
        },
        "loc": {
          "start": {
            "line": 10,
            "column": 36
          },
          "end": {
            "line": 73,
            "column": 1
          }
        }
      },
      "1": {
        "name": "(anonymous_1)",
        "decl": {
          "start": {
            "line": 17,
            "column": 17
          },
          "end": {
            "line": 17,
            "column": 23
          }
        },
        "loc": {
          "start": {
            "line": 17,
            "column": 23
          },
          "end": {
            "line": 17,
            "column": 53
          }
        }
      },
      "2": {
        "name": "(anonymous_2)",
        "decl": {
          "start": {
            "line": 18,
            "column": 18
          },
          "end": {
            "line": 18,
            "column": 24
          }
        },
        "loc": {
          "start": {
            "line": 18,
            "column": 24
          },
          "end": {
            "line": 18,
            "column": 43
          }
        }
      },
      "3": {
        "name": "(anonymous_3)",
        "decl": {
          "start": {
            "line": 19,
            "column": 25
          },
          "end": {
            "line": 19,
            "column": 31
          }
        },
        "loc": {
          "start": {
            "line": 19,
            "column": 31
          },
          "end": {
            "line": 19,
            "column": 61
          }
        }
      }
    },
    "branchMap": {},
    "s": {
      "0": 3,
      "1": 7,
      "2": 7,
      "3": 7,
      "4": 2,
      "5": 0,
      "6": 0,
      "7": 3,
      "8": 6
    },
    "f": {
      "0": 7,
      "1": 2,
      "2": 0,
      "3": 0
    },
    "b": {}
  }
}